  ...global_step2000/.metadata: 100%|██████████|  103kB /  103kB            
[32m✓ Uploaded[0m
  url: https://huggingface.co/dqding/OneRec-1.7B-sft-interactive-1gpu/commit/738ecb2b8e4007254ee7cc997f12bb8c6fc1ecbd
To https://github.com/daqianding/openonerec-1gpu-sft-interactive.git
 ! [remote rejected] main -> main (push declined due to repository rule violations)
error: failed to push some refs to 'https://github.com/daqianding/openonerec-1gpu-sft-interactive.git'
2026-04-25 02:04:29,819 - INFO - Splitting state_dict into shards (max 5 GB per shard)...
Creating shards:   0%|          | 0/311 [00:00<?, ?it/s]Creating shards: 100%|██████████| 311/311 [00:00<00:00, 1301824.89it/s]
2026-04-25 02:04:29,819 - INFO - Writing 1 shard files...
Writing shards:   0%|          | 0/1 [00:00<?, ?it/s]2026-04-25 02:04:31,997 - INFO - Shard 1/1: 3.97 GiB saved to /home/v-daqianding/workspace/tmp_hf_step6000/model-00000-of-00001.safetensors
Writing shards: 100%|██████████| 1/1 [00:02<00:00,  2.18s/it]Writing shards: 100%|██████████| 1/1 [00:02<00:00,  2.18s/it]
2026-04-25 02:04:31,998 - INFO - Index file saved to /home/v-daqianding/workspace/tmp_hf_step6000/model.safetensors.index.json
2026-04-25 02:04:31,998 - INFO - Total model size: 3.97 GiB
2026-04-25 02:04:32,051 - INFO - Copying config files from /home/v-daqianding/workspace/data/hf_models/OneRec-1.7B-pretrain to /home/v-daqianding/workspace/tmp_hf_step6000
2026-04-25 02:04:32,242 - INFO - Successfully copied 8 config files from /home/v-daqianding/workspace/data/hf_models/OneRec-1.7B-pretrain to /home/v-daqianding/workspace/tmp_hf_step6000
2026-04-25 02:04:32,242 - INFO - Conversion completed successfully!
  ...0000-of-00001.safetensors: 100%|██████████| 4.26GB / 4.26GB            
[32m✓ Uploaded[0m
  url: https://huggingface.co/dqding/OneRec-1.7B-sft-interactive-1gpu/commit/3f6b25d3498dd9828122bd24f5129eda6adbb873
rm: cannot remove '/home/v-daqianding/workspace/tmp_hf_step6000/vocab.json': Permission denied
rm: cannot remove '/home/v-daqianding/workspace/tmp_hf_step6000/config.json': Permission denied
rm: cannot remove '/home/v-daqianding/workspace/tmp_hf_step6000/tokenizer.json': Permission denied
rm: cannot remove '/home/v-daqianding/workspace/tmp_hf_step6000/special_tokens_map.json': Permission denied
rm: cannot remove '/home/v-daqianding/workspace/tmp_hf_step6000/tokenizer_config.json': Permission denied
rm: cannot remove '/home/v-daqianding/workspace/tmp_hf_step6000/model.safetensors.index.json': Permission denied
rm: cannot remove '/home/v-daqianding/workspace/tmp_hf_step6000/merges.txt': Permission denied
rm: cannot remove '/home/v-daqianding/workspace/tmp_hf_step6000/model-00000-of-00001.safetensors': Permission denied
rm: cannot remove '/home/v-daqianding/workspace/tmp_hf_step6000/added_tokens.json': Permission denied
rm: cannot remove '/home/v-daqianding/workspace/tmp_hf_step6000/generation_config.json': Permission denied
